<?xml version="1.0" encoding="UTF-8"?>
<testsuite xmlns:xsi="http://www.w3.org/2001/XMLSchema-instance" xsi:noNamespaceSchemaLocation="https://maven.apache.org/surefire/maven-surefire-plugin/xsd/surefire-test-report.xsd" name="br.com.devdojo.springboot.DevDojoSpringBootApplicationTests" time="52.551" tests="1" errors="1" skipped="0" failures="0">
  <properties>
    <property name="sun.desktop" value="windows"/>
    <property name="awt.toolkit" value="sun.awt.windows.WToolkit"/>
    <property name="java.specification.version" value="11"/>
    <property name="sun.cpu.isalist" value="amd64"/>
    <property name="sun.jnu.encoding" value="Cp1252"/>
    <property name="java.class.path" value="D:\Projetos\web\dev-dojo-spring-boot\target\test-classes;D:\Projetos\web\dev-dojo-spring-boot\target\classes;D:\Projetos\repositorios\maven\org\springframework\boot\spring-boot-starter-data-jpa\2.1.1.RELEASE\spring-boot-starter-data-jpa-2.1.1.RELEASE.jar;D:\Projetos\repositorios\maven\org\springframework\boot\spring-boot-starter-aop\2.1.1.RELEASE\spring-boot-starter-aop-2.1.1.RELEASE.jar;D:\Projetos\repositorios\maven\org\springframework\spring-aop\5.1.3.RELEASE\spring-aop-5.1.3.RELEASE.jar;D:\Projetos\repositorios\maven\org\aspectj\aspectjweaver\1.9.2\aspectjweaver-1.9.2.jar;D:\Projetos\repositorios\maven\org\springframework\boot\spring-boot-starter-jdbc\2.1.1.RELEASE\spring-boot-starter-jdbc-2.1.1.RELEASE.jar;D:\Projetos\repositorios\maven\com\zaxxer\HikariCP\3.2.0\HikariCP-3.2.0.jar;D:\Projetos\repositorios\maven\org\springframework\spring-jdbc\5.1.3.RELEASE\spring-jdbc-5.1.3.RELEASE.jar;D:\Projetos\repositorios\maven\javax\transaction\javax.transaction-api\1.3\javax.transaction-api-1.3.jar;D:\Projetos\repositorios\maven\javax\xml\bind\jaxb-api\2.3.1\jaxb-api-2.3.1.jar;D:\Projetos\repositorios\maven\javax\activation\javax.activation-api\1.2.0\javax.activation-api-1.2.0.jar;D:\Projetos\repositorios\maven\org\hibernate\hibernate-core\5.3.7.Final\hibernate-core-5.3.7.Final.jar;D:\Projetos\repositorios\maven\org\jboss\logging\jboss-logging\3.3.2.Final\jboss-logging-3.3.2.Final.jar;D:\Projetos\repositorios\maven\javax\persistence\javax.persistence-api\2.2\javax.persistence-api-2.2.jar;D:\Projetos\repositorios\maven\org\javassist\javassist\3.23.1-GA\javassist-3.23.1-GA.jar;D:\Projetos\repositorios\maven\net\bytebuddy\byte-buddy\1.9.5\byte-buddy-1.9.5.jar;D:\Projetos\repositorios\maven\antlr\antlr\2.7.7\antlr-2.7.7.jar;D:\Projetos\repositorios\maven\org\jboss\jandex\2.0.5.Final\jandex-2.0.5.Final.jar;D:\Projetos\repositorios\maven\com\fasterxml\classmate\1.4.0\classmate-1.4.0.jar;D:\Projetos\repositorios\maven\org\dom4j\dom4j\2.1.1\dom4j-2.1.1.jar;D:\Projetos\repositorios\maven\org\hibernate\common\hibernate-commons-annotations\5.0.4.Final\hibernate-commons-annotations-5.0.4.Final.jar;D:\Projetos\repositorios\maven\org\springframework\data\spring-data-jpa\2.1.3.RELEASE\spring-data-jpa-2.1.3.RELEASE.jar;D:\Projetos\repositorios\maven\org\springframework\data\spring-data-commons\2.1.3.RELEASE\spring-data-commons-2.1.3.RELEASE.jar;D:\Projetos\repositorios\maven\org\springframework\spring-orm\5.1.3.RELEASE\spring-orm-5.1.3.RELEASE.jar;D:\Projetos\repositorios\maven\org\springframework\spring-context\5.1.3.RELEASE\spring-context-5.1.3.RELEASE.jar;D:\Projetos\repositorios\maven\org\springframework\spring-tx\5.1.3.RELEASE\spring-tx-5.1.3.RELEASE.jar;D:\Projetos\repositorios\maven\org\springframework\spring-beans\5.1.3.RELEASE\spring-beans-5.1.3.RELEASE.jar;D:\Projetos\repositorios\maven\org\slf4j\slf4j-api\1.7.25\slf4j-api-1.7.25.jar;D:\Projetos\repositorios\maven\org\springframework\spring-aspects\5.1.3.RELEASE\spring-aspects-5.1.3.RELEASE.jar;D:\Projetos\repositorios\maven\org\springframework\boot\spring-boot-starter-data-ldap\2.1.1.RELEASE\spring-boot-starter-data-ldap-2.1.1.RELEASE.jar;D:\Projetos\repositorios\maven\org\springframework\boot\spring-boot-starter\2.1.1.RELEASE\spring-boot-starter-2.1.1.RELEASE.jar;D:\Projetos\repositorios\maven\org\springframework\boot\spring-boot-starter-logging\2.1.1.RELEASE\spring-boot-starter-logging-2.1.1.RELEASE.jar;D:\Projetos\repositorios\maven\ch\qos\logback\logback-classic\1.2.3\logback-classic-1.2.3.jar;D:\Projetos\repositorios\maven\ch\qos\logback\logback-core\1.2.3\logback-core-1.2.3.jar;D:\Projetos\repositorios\maven\org\apache\logging\log4j\log4j-to-slf4j\2.11.1\log4j-to-slf4j-2.11.1.jar;D:\Projetos\repositorios\maven\org\apache\logging\log4j\log4j-api\2.11.1\log4j-api-2.11.1.jar;D:\Projetos\repositorios\maven\org\slf4j\jul-to-slf4j\1.7.25\jul-to-slf4j-1.7.25.jar;D:\Projetos\repositorios\maven\javax\annotation\javax.annotation-api\1.3.2\javax.annotation-api-1.3.2.jar;D:\Projetos\repositorios\maven\org\yaml\snakeyaml\1.23\snakeyaml-1.23.jar;D:\Projetos\repositorios\maven\org\springframework\data\spring-data-ldap\2.1.3.RELEASE\spring-data-ldap-2.1.3.RELEASE.jar;D:\Projetos\repositorios\maven\org\springframework\ldap\spring-ldap-core\2.3.2.RELEASE\spring-ldap-core-2.3.2.RELEASE.jar;D:\Projetos\repositorios\maven\org\springframework\boot\spring-boot-starter-mail\2.1.1.RELEASE\spring-boot-starter-mail-2.1.1.RELEASE.jar;D:\Projetos\repositorios\maven\org\springframework\spring-context-support\5.1.3.RELEASE\spring-context-support-5.1.3.RELEASE.jar;D:\Projetos\repositorios\maven\com\sun\mail\javax.mail\1.6.2\javax.mail-1.6.2.jar;D:\Projetos\repositorios\maven\javax\activation\activation\1.1\activation-1.1.jar;D:\Projetos\repositorios\maven\org\springframework\boot\spring-boot-starter-thymeleaf\2.1.1.RELEASE\spring-boot-starter-thymeleaf-2.1.1.RELEASE.jar;D:\Projetos\repositorios\maven\org\thymeleaf\thymeleaf-spring5\3.0.11.RELEASE\thymeleaf-spring5-3.0.11.RELEASE.jar;D:\Projetos\repositorios\maven\org\thymeleaf\thymeleaf\3.0.11.RELEASE\thymeleaf-3.0.11.RELEASE.jar;D:\Projetos\repositorios\maven\org\attoparser\attoparser\2.0.5.RELEASE\attoparser-2.0.5.RELEASE.jar;D:\Projetos\repositorios\maven\org\unbescape\unbescape\1.1.6.RELEASE\unbescape-1.1.6.RELEASE.jar;D:\Projetos\repositorios\maven\org\thymeleaf\extras\thymeleaf-extras-java8time\3.0.2.RELEASE\thymeleaf-extras-java8time-3.0.2.RELEASE.jar;D:\Projetos\repositorios\maven\org\springframework\boot\spring-boot-starter-web\2.1.1.RELEASE\spring-boot-starter-web-2.1.1.RELEASE.jar;D:\Projetos\repositorios\maven\org\springframework\boot\spring-boot-starter-json\2.1.1.RELEASE\spring-boot-starter-json-2.1.1.RELEASE.jar;D:\Projetos\repositorios\maven\com\fasterxml\jackson\core\jackson-databind\2.9.7\jackson-databind-2.9.7.jar;D:\Projetos\repositorios\maven\com\fasterxml\jackson\core\jackson-annotations\2.9.0\jackson-annotations-2.9.0.jar;D:\Projetos\repositorios\maven\com\fasterxml\jackson\core\jackson-core\2.9.7\jackson-core-2.9.7.jar;D:\Projetos\repositorios\maven\com\fasterxml\jackson\datatype\jackson-datatype-jdk8\2.9.7\jackson-datatype-jdk8-2.9.7.jar;D:\Projetos\repositorios\maven\com\fasterxml\jackson\datatype\jackson-datatype-jsr310\2.9.7\jackson-datatype-jsr310-2.9.7.jar;D:\Projetos\repositorios\maven\com\fasterxml\jackson\module\jackson-module-parameter-names\2.9.7\jackson-module-parameter-names-2.9.7.jar;D:\Projetos\repositorios\maven\org\springframework\boot\spring-boot-starter-tomcat\2.1.1.RELEASE\spring-boot-starter-tomcat-2.1.1.RELEASE.jar;D:\Projetos\repositorios\maven\org\apache\tomcat\embed\tomcat-embed-core\9.0.13\tomcat-embed-core-9.0.13.jar;D:\Projetos\repositorios\maven\org\apache\tomcat\embed\tomcat-embed-el\9.0.13\tomcat-embed-el-9.0.13.jar;D:\Projetos\repositorios\maven\org\apache\tomcat\embed\tomcat-embed-websocket\9.0.13\tomcat-embed-websocket-9.0.13.jar;D:\Projetos\repositorios\maven\org\hibernate\validator\hibernate-validator\6.0.13.Final\hibernate-validator-6.0.13.Final.jar;D:\Projetos\repositorios\maven\javax\validation\validation-api\2.0.1.Final\validation-api-2.0.1.Final.jar;D:\Projetos\repositorios\maven\org\springframework\spring-web\5.1.3.RELEASE\spring-web-5.1.3.RELEASE.jar;D:\Projetos\repositorios\maven\org\springframework\spring-webmvc\5.1.3.RELEASE\spring-webmvc-5.1.3.RELEASE.jar;D:\Projetos\repositorios\maven\org\springframework\spring-expression\5.1.3.RELEASE\spring-expression-5.1.3.RELEASE.jar;D:\Projetos\repositorios\maven\org\springframework\session\spring-session-core\2.1.2.RELEASE\spring-session-core-2.1.2.RELEASE.jar;D:\Projetos\repositorios\maven\org\springframework\spring-jcl\5.1.3.RELEASE\spring-jcl-5.1.3.RELEASE.jar;D:\Projetos\repositorios\maven\org\springframework\boot\spring-boot-devtools\2.1.1.RELEASE\spring-boot-devtools-2.1.1.RELEASE.jar;D:\Projetos\repositorios\maven\org\springframework\boot\spring-boot\2.1.1.RELEASE\spring-boot-2.1.1.RELEASE.jar;D:\Projetos\repositorios\maven\org\springframework\boot\spring-boot-autoconfigure\2.1.1.RELEASE\spring-boot-autoconfigure-2.1.1.RELEASE.jar;D:\Projetos\repositorios\maven\com\h2database\h2\1.4.197\h2-1.4.197.jar;D:\Projetos\repositorios\maven\mysql\mysql-connector-java\8.0.13\mysql-connector-java-8.0.13.jar;D:\Projetos\repositorios\maven\org\hsqldb\hsqldb\2.4.1\hsqldb-2.4.1.jar;D:\Projetos\repositorios\maven\org\postgresql\postgresql\42.2.5\postgresql-42.2.5.jar;D:\Projetos\repositorios\maven\org\springframework\boot\spring-boot-starter-test\2.1.1.RELEASE\spring-boot-starter-test-2.1.1.RELEASE.jar;D:\Projetos\repositorios\maven\org\springframework\boot\spring-boot-test\2.1.1.RELEASE\spring-boot-test-2.1.1.RELEASE.jar;D:\Projetos\repositorios\maven\org\springframework\boot\spring-boot-test-autoconfigure\2.1.1.RELEASE\spring-boot-test-autoconfigure-2.1.1.RELEASE.jar;D:\Projetos\repositorios\maven\com\jayway\jsonpath\json-path\2.4.0\json-path-2.4.0.jar;D:\Projetos\repositorios\maven\net\minidev\json-smart\2.3\json-smart-2.3.jar;D:\Projetos\repositorios\maven\net\minidev\accessors-smart\1.2\accessors-smart-1.2.jar;D:\Projetos\repositorios\maven\org\ow2\asm\asm\5.0.4\asm-5.0.4.jar;D:\Projetos\repositorios\maven\junit\junit\4.12\junit-4.12.jar;D:\Projetos\repositorios\maven\org\assertj\assertj-core\3.11.1\assertj-core-3.11.1.jar;D:\Projetos\repositorios\maven\org\mockito\mockito-core\2.23.4\mockito-core-2.23.4.jar;D:\Projetos\repositorios\maven\net\bytebuddy\byte-buddy-agent\1.9.5\byte-buddy-agent-1.9.5.jar;D:\Projetos\repositorios\maven\org\objenesis\objenesis\2.6\objenesis-2.6.jar;D:\Projetos\repositorios\maven\org\hamcrest\hamcrest-core\1.3\hamcrest-core-1.3.jar;D:\Projetos\repositorios\maven\org\hamcrest\hamcrest-library\1.3\hamcrest-library-1.3.jar;D:\Projetos\repositorios\maven\org\skyscreamer\jsonassert\1.5.0\jsonassert-1.5.0.jar;D:\Projetos\repositorios\maven\com\vaadin\external\google\android-json\0.0.20131108.vaadin1\android-json-0.0.20131108.vaadin1.jar;D:\Projetos\repositorios\maven\org\springframework\spring-core\5.1.3.RELEASE\spring-core-5.1.3.RELEASE.jar;D:\Projetos\repositorios\maven\org\springframework\spring-test\5.1.3.RELEASE\spring-test-5.1.3.RELEASE.jar;D:\Projetos\repositorios\maven\org\xmlunit\xmlunit-core\2.6.2\xmlunit-core-2.6.2.jar;D:\Projetos\repositorios\maven\org\springframework\security\spring-security-test\5.1.2.RELEASE\spring-security-test-5.1.2.RELEASE.jar;D:\Projetos\repositorios\maven\org\springframework\security\spring-security-core\5.1.2.RELEASE\spring-security-core-5.1.2.RELEASE.jar;D:\Projetos\repositorios\maven\org\springframework\security\spring-security-web\5.1.2.RELEASE\spring-security-web-5.1.2.RELEASE.jar;"/>
    <property name="java.vm.vendor" value="Oracle Corporation"/>
    <property name="sun.arch.data.model" value="64"/>
    <property name="user.variant" value=""/>
    <property name="java.vendor.url" value="http://java.oracle.com/"/>
    <property name="user.timezone" value="GMT-03:00"/>
    <property name="java.vm.specification.version" value="11"/>
    <property name="os.name" value="Windows 10"/>
    <property name="sun.java.launcher" value="SUN_STANDARD"/>
    <property name="user.country" value="BR"/>
    <property name="sun.boot.library.path" value="C:\Program Files\Java\jdk-11.0.1\bin"/>
    <property name="sun.java.command" value="C:\Users\JOSEMB~1\AppData\Local\Temp\surefire16404189958694356205\surefirebooter15456250017458315900.jar C:\Users\Josemberg\AppData\Local\Temp\surefire16404189958694356205 2018-12-13T12-42-46_664-jvmRun1 surefire768892183227336620tmp surefire_07487899163085472277tmp"/>
    <property name="jdk.debug" value="release"/>
    <property name="surefire.test.class.path" value="D:\Projetos\web\dev-dojo-spring-boot\target\test-classes;D:\Projetos\web\dev-dojo-spring-boot\target\classes;D:\Projetos\repositorios\maven\org\springframework\boot\spring-boot-starter-data-jpa\2.1.1.RELEASE\spring-boot-starter-data-jpa-2.1.1.RELEASE.jar;D:\Projetos\repositorios\maven\org\springframework\boot\spring-boot-starter-aop\2.1.1.RELEASE\spring-boot-starter-aop-2.1.1.RELEASE.jar;D:\Projetos\repositorios\maven\org\springframework\spring-aop\5.1.3.RELEASE\spring-aop-5.1.3.RELEASE.jar;D:\Projetos\repositorios\maven\org\aspectj\aspectjweaver\1.9.2\aspectjweaver-1.9.2.jar;D:\Projetos\repositorios\maven\org\springframework\boot\spring-boot-starter-jdbc\2.1.1.RELEASE\spring-boot-starter-jdbc-2.1.1.RELEASE.jar;D:\Projetos\repositorios\maven\com\zaxxer\HikariCP\3.2.0\HikariCP-3.2.0.jar;D:\Projetos\repositorios\maven\org\springframework\spring-jdbc\5.1.3.RELEASE\spring-jdbc-5.1.3.RELEASE.jar;D:\Projetos\repositorios\maven\javax\transaction\javax.transaction-api\1.3\javax.transaction-api-1.3.jar;D:\Projetos\repositorios\maven\javax\xml\bind\jaxb-api\2.3.1\jaxb-api-2.3.1.jar;D:\Projetos\repositorios\maven\javax\activation\javax.activation-api\1.2.0\javax.activation-api-1.2.0.jar;D:\Projetos\repositorios\maven\org\hibernate\hibernate-core\5.3.7.Final\hibernate-core-5.3.7.Final.jar;D:\Projetos\repositorios\maven\org\jboss\logging\jboss-logging\3.3.2.Final\jboss-logging-3.3.2.Final.jar;D:\Projetos\repositorios\maven\javax\persistence\javax.persistence-api\2.2\javax.persistence-api-2.2.jar;D:\Projetos\repositorios\maven\org\javassist\javassist\3.23.1-GA\javassist-3.23.1-GA.jar;D:\Projetos\repositorios\maven\net\bytebuddy\byte-buddy\1.9.5\byte-buddy-1.9.5.jar;D:\Projetos\repositorios\maven\antlr\antlr\2.7.7\antlr-2.7.7.jar;D:\Projetos\repositorios\maven\org\jboss\jandex\2.0.5.Final\jandex-2.0.5.Final.jar;D:\Projetos\repositorios\maven\com\fasterxml\classmate\1.4.0\classmate-1.4.0.jar;D:\Projetos\repositorios\maven\org\dom4j\dom4j\2.1.1\dom4j-2.1.1.jar;D:\Projetos\repositorios\maven\org\hibernate\common\hibernate-commons-annotations\5.0.4.Final\hibernate-commons-annotations-5.0.4.Final.jar;D:\Projetos\repositorios\maven\org\springframework\data\spring-data-jpa\2.1.3.RELEASE\spring-data-jpa-2.1.3.RELEASE.jar;D:\Projetos\repositorios\maven\org\springframework\data\spring-data-commons\2.1.3.RELEASE\spring-data-commons-2.1.3.RELEASE.jar;D:\Projetos\repositorios\maven\org\springframework\spring-orm\5.1.3.RELEASE\spring-orm-5.1.3.RELEASE.jar;D:\Projetos\repositorios\maven\org\springframework\spring-context\5.1.3.RELEASE\spring-context-5.1.3.RELEASE.jar;D:\Projetos\repositorios\maven\org\springframework\spring-tx\5.1.3.RELEASE\spring-tx-5.1.3.RELEASE.jar;D:\Projetos\repositorios\maven\org\springframework\spring-beans\5.1.3.RELEASE\spring-beans-5.1.3.RELEASE.jar;D:\Projetos\repositorios\maven\org\slf4j\slf4j-api\1.7.25\slf4j-api-1.7.25.jar;D:\Projetos\repositorios\maven\org\springframework\spring-aspects\5.1.3.RELEASE\spring-aspects-5.1.3.RELEASE.jar;D:\Projetos\repositorios\maven\org\springframework\boot\spring-boot-starter-data-ldap\2.1.1.RELEASE\spring-boot-starter-data-ldap-2.1.1.RELEASE.jar;D:\Projetos\repositorios\maven\org\springframework\boot\spring-boot-starter\2.1.1.RELEASE\spring-boot-starter-2.1.1.RELEASE.jar;D:\Projetos\repositorios\maven\org\springframework\boot\spring-boot-starter-logging\2.1.1.RELEASE\spring-boot-starter-logging-2.1.1.RELEASE.jar;D:\Projetos\repositorios\maven\ch\qos\logback\logback-classic\1.2.3\logback-classic-1.2.3.jar;D:\Projetos\repositorios\maven\ch\qos\logback\logback-core\1.2.3\logback-core-1.2.3.jar;D:\Projetos\repositorios\maven\org\apache\logging\log4j\log4j-to-slf4j\2.11.1\log4j-to-slf4j-2.11.1.jar;D:\Projetos\repositorios\maven\org\apache\logging\log4j\log4j-api\2.11.1\log4j-api-2.11.1.jar;D:\Projetos\repositorios\maven\org\slf4j\jul-to-slf4j\1.7.25\jul-to-slf4j-1.7.25.jar;D:\Projetos\repositorios\maven\javax\annotation\javax.annotation-api\1.3.2\javax.annotation-api-1.3.2.jar;D:\Projetos\repositorios\maven\org\yaml\snakeyaml\1.23\snakeyaml-1.23.jar;D:\Projetos\repositorios\maven\org\springframework\data\spring-data-ldap\2.1.3.RELEASE\spring-data-ldap-2.1.3.RELEASE.jar;D:\Projetos\repositorios\maven\org\springframework\ldap\spring-ldap-core\2.3.2.RELEASE\spring-ldap-core-2.3.2.RELEASE.jar;D:\Projetos\repositorios\maven\org\springframework\boot\spring-boot-starter-mail\2.1.1.RELEASE\spring-boot-starter-mail-2.1.1.RELEASE.jar;D:\Projetos\repositorios\maven\org\springframework\spring-context-support\5.1.3.RELEASE\spring-context-support-5.1.3.RELEASE.jar;D:\Projetos\repositorios\maven\com\sun\mail\javax.mail\1.6.2\javax.mail-1.6.2.jar;D:\Projetos\repositorios\maven\javax\activation\activation\1.1\activation-1.1.jar;D:\Projetos\repositorios\maven\org\springframework\boot\spring-boot-starter-thymeleaf\2.1.1.RELEASE\spring-boot-starter-thymeleaf-2.1.1.RELEASE.jar;D:\Projetos\repositorios\maven\org\thymeleaf\thymeleaf-spring5\3.0.11.RELEASE\thymeleaf-spring5-3.0.11.RELEASE.jar;D:\Projetos\repositorios\maven\org\thymeleaf\thymeleaf\3.0.11.RELEASE\thymeleaf-3.0.11.RELEASE.jar;D:\Projetos\repositorios\maven\org\attoparser\attoparser\2.0.5.RELEASE\attoparser-2.0.5.RELEASE.jar;D:\Projetos\repositorios\maven\org\unbescape\unbescape\1.1.6.RELEASE\unbescape-1.1.6.RELEASE.jar;D:\Projetos\repositorios\maven\org\thymeleaf\extras\thymeleaf-extras-java8time\3.0.2.RELEASE\thymeleaf-extras-java8time-3.0.2.RELEASE.jar;D:\Projetos\repositorios\maven\org\springframework\boot\spring-boot-starter-web\2.1.1.RELEASE\spring-boot-starter-web-2.1.1.RELEASE.jar;D:\Projetos\repositorios\maven\org\springframework\boot\spring-boot-starter-json\2.1.1.RELEASE\spring-boot-starter-json-2.1.1.RELEASE.jar;D:\Projetos\repositorios\maven\com\fasterxml\jackson\core\jackson-databind\2.9.7\jackson-databind-2.9.7.jar;D:\Projetos\repositorios\maven\com\fasterxml\jackson\core\jackson-annotations\2.9.0\jackson-annotations-2.9.0.jar;D:\Projetos\repositorios\maven\com\fasterxml\jackson\core\jackson-core\2.9.7\jackson-core-2.9.7.jar;D:\Projetos\repositorios\maven\com\fasterxml\jackson\datatype\jackson-datatype-jdk8\2.9.7\jackson-datatype-jdk8-2.9.7.jar;D:\Projetos\repositorios\maven\com\fasterxml\jackson\datatype\jackson-datatype-jsr310\2.9.7\jackson-datatype-jsr310-2.9.7.jar;D:\Projetos\repositorios\maven\com\fasterxml\jackson\module\jackson-module-parameter-names\2.9.7\jackson-module-parameter-names-2.9.7.jar;D:\Projetos\repositorios\maven\org\springframework\boot\spring-boot-starter-tomcat\2.1.1.RELEASE\spring-boot-starter-tomcat-2.1.1.RELEASE.jar;D:\Projetos\repositorios\maven\org\apache\tomcat\embed\tomcat-embed-core\9.0.13\tomcat-embed-core-9.0.13.jar;D:\Projetos\repositorios\maven\org\apache\tomcat\embed\tomcat-embed-el\9.0.13\tomcat-embed-el-9.0.13.jar;D:\Projetos\repositorios\maven\org\apache\tomcat\embed\tomcat-embed-websocket\9.0.13\tomcat-embed-websocket-9.0.13.jar;D:\Projetos\repositorios\maven\org\hibernate\validator\hibernate-validator\6.0.13.Final\hibernate-validator-6.0.13.Final.jar;D:\Projetos\repositorios\maven\javax\validation\validation-api\2.0.1.Final\validation-api-2.0.1.Final.jar;D:\Projetos\repositorios\maven\org\springframework\spring-web\5.1.3.RELEASE\spring-web-5.1.3.RELEASE.jar;D:\Projetos\repositorios\maven\org\springframework\spring-webmvc\5.1.3.RELEASE\spring-webmvc-5.1.3.RELEASE.jar;D:\Projetos\repositorios\maven\org\springframework\spring-expression\5.1.3.RELEASE\spring-expression-5.1.3.RELEASE.jar;D:\Projetos\repositorios\maven\org\springframework\session\spring-session-core\2.1.2.RELEASE\spring-session-core-2.1.2.RELEASE.jar;D:\Projetos\repositorios\maven\org\springframework\spring-jcl\5.1.3.RELEASE\spring-jcl-5.1.3.RELEASE.jar;D:\Projetos\repositorios\maven\org\springframework\boot\spring-boot-devtools\2.1.1.RELEASE\spring-boot-devtools-2.1.1.RELEASE.jar;D:\Projetos\repositorios\maven\org\springframework\boot\spring-boot\2.1.1.RELEASE\spring-boot-2.1.1.RELEASE.jar;D:\Projetos\repositorios\maven\org\springframework\boot\spring-boot-autoconfigure\2.1.1.RELEASE\spring-boot-autoconfigure-2.1.1.RELEASE.jar;D:\Projetos\repositorios\maven\com\h2database\h2\1.4.197\h2-1.4.197.jar;D:\Projetos\repositorios\maven\mysql\mysql-connector-java\8.0.13\mysql-connector-java-8.0.13.jar;D:\Projetos\repositorios\maven\org\hsqldb\hsqldb\2.4.1\hsqldb-2.4.1.jar;D:\Projetos\repositorios\maven\org\postgresql\postgresql\42.2.5\postgresql-42.2.5.jar;D:\Projetos\repositorios\maven\org\springframework\boot\spring-boot-starter-test\2.1.1.RELEASE\spring-boot-starter-test-2.1.1.RELEASE.jar;D:\Projetos\repositorios\maven\org\springframework\boot\spring-boot-test\2.1.1.RELEASE\spring-boot-test-2.1.1.RELEASE.jar;D:\Projetos\repositorios\maven\org\springframework\boot\spring-boot-test-autoconfigure\2.1.1.RELEASE\spring-boot-test-autoconfigure-2.1.1.RELEASE.jar;D:\Projetos\repositorios\maven\com\jayway\jsonpath\json-path\2.4.0\json-path-2.4.0.jar;D:\Projetos\repositorios\maven\net\minidev\json-smart\2.3\json-smart-2.3.jar;D:\Projetos\repositorios\maven\net\minidev\accessors-smart\1.2\accessors-smart-1.2.jar;D:\Projetos\repositorios\maven\org\ow2\asm\asm\5.0.4\asm-5.0.4.jar;D:\Projetos\repositorios\maven\junit\junit\4.12\junit-4.12.jar;D:\Projetos\repositorios\maven\org\assertj\assertj-core\3.11.1\assertj-core-3.11.1.jar;D:\Projetos\repositorios\maven\org\mockito\mockito-core\2.23.4\mockito-core-2.23.4.jar;D:\Projetos\repositorios\maven\net\bytebuddy\byte-buddy-agent\1.9.5\byte-buddy-agent-1.9.5.jar;D:\Projetos\repositorios\maven\org\objenesis\objenesis\2.6\objenesis-2.6.jar;D:\Projetos\repositorios\maven\org\hamcrest\hamcrest-core\1.3\hamcrest-core-1.3.jar;D:\Projetos\repositorios\maven\org\hamcrest\hamcrest-library\1.3\hamcrest-library-1.3.jar;D:\Projetos\repositorios\maven\org\skyscreamer\jsonassert\1.5.0\jsonassert-1.5.0.jar;D:\Projetos\repositorios\maven\com\vaadin\external\google\android-json\0.0.20131108.vaadin1\android-json-0.0.20131108.vaadin1.jar;D:\Projetos\repositorios\maven\org\springframework\spring-core\5.1.3.RELEASE\spring-core-5.1.3.RELEASE.jar;D:\Projetos\repositorios\maven\org\springframework\spring-test\5.1.3.RELEASE\spring-test-5.1.3.RELEASE.jar;D:\Projetos\repositorios\maven\org\xmlunit\xmlunit-core\2.6.2\xmlunit-core-2.6.2.jar;D:\Projetos\repositorios\maven\org\springframework\security\spring-security-test\5.1.2.RELEASE\spring-security-test-5.1.2.RELEASE.jar;D:\Projetos\repositorios\maven\org\springframework\security\spring-security-core\5.1.2.RELEASE\spring-security-core-5.1.2.RELEASE.jar;D:\Projetos\repositorios\maven\org\springframework\security\spring-security-web\5.1.2.RELEASE\spring-security-web-5.1.2.RELEASE.jar;"/>
    <property name="sun.cpu.endian" value="little"/>
    <property name="user.home" value="C:\Users\Josemberg"/>
    <property name="user.language" value="pt"/>
    <property name="java.specification.vendor" value="Oracle Corporation"/>
    <property name="java.version.date" value="2018-10-16"/>
    <property name="java.home" value="C:\Program Files\Java\jdk-11.0.1"/>
    <property name="file.separator" value="\"/>
    <property name="basedir" value="D:\Projetos\web\dev-dojo-spring-boot"/>
    <property name="java.vm.compressedOopsMode" value="32-bit"/>
    <property name="line.separator" value="&#10;"/>
    <property name="java.specification.name" value="Java Platform API Specification"/>
    <property name="java.vm.specification.vendor" value="Oracle Corporation"/>
    <property name="java.awt.graphicsenv" value="sun.awt.Win32GraphicsEnvironment"/>
    <property name="surefire.real.class.path" value="C:\Users\JOSEMB~1\AppData\Local\Temp\surefire16404189958694356205\surefirebooter15456250017458315900.jar"/>
    <property name="user.script" value=""/>
    <property name="sun.management.compiler" value="HotSpot 64-Bit Tiered Compilers"/>
    <property name="java.runtime.version" value="11.0.1+13-LTS"/>
    <property name="user.name" value="Josemberg"/>
    <property name="path.separator" value=";"/>
    <property name="os.version" value="10.0"/>
    <property name="java.runtime.name" value="Java(TM) SE Runtime Environment"/>
    <property name="file.encoding" value="Cp1252"/>
    <property name="java.vm.name" value="Java HotSpot(TM) 64-Bit Server VM"/>
    <property name="java.vendor.version" value="18.9"/>
    <property name="localRepository" value="D:\Projetos\repositorios\maven"/>
    <property name="java.vendor.url.bug" value="http://bugreport.java.com/bugreport/"/>
    <property name="java.io.tmpdir" value="C:\Users\JOSEMB~1\AppData\Local\Temp\"/>
    <property name="java.version" value="11.0.1"/>
    <property name="user.dir" value="D:\Projetos\web\dev-dojo-spring-boot"/>
    <property name="os.arch" value="amd64"/>
    <property name="java.vm.specification.name" value="Java Virtual Machine Specification"/>
    <property name="java.awt.printerjob" value="sun.awt.windows.WPrinterJob"/>
    <property name="sun.os.patch.level" value=""/>
    <property name="java.library.path" value="C:\Program Files\Java\jdk-11.0.1\bin;C:\WINDOWS\Sun\Java\bin;C:\WINDOWS\system32;C:\WINDOWS;C:/Program Files/Java/jdk-11.0.1/bin/server;C:/Program Files/Java/jdk-11.0.1/bin;C:\WINDOWS\system32;C:\WINDOWS;C:\WINDOWS\System32\Wbem;C:\WINDOWS\System32\WindowsPowerShell\v1.0\;C:\Program Files\dotnet\;C:\Program Files\Microsoft SQL Server\120\Tools\Binn\;C:\Program Files\Microsoft SQL Server\130\Tools\Binn\;C:\Program Files\Git\cmd;C:\Users\Josemberg\.dnx\bin;C:\Program Files\Microsoft DNX\Dnvm\;C:\Program Files (x86)\Windows Kits\8.1\Windows Performance Toolkit\;C:\Program Files (x86)\GtkSharp\2.12\bin;C:\apache-maven-3.5.2\bin;C:\Program Files\MySQL\MySQL Utilities 1.6\;C:\WINDOWS\System32\OpenSSH\;C:\Program Files\nodejs\;C:\Program Files\Java\jdk-11.0.1\bin;C:\Users\Josemberg\AppData\Local\Programs\Python\Python36-32\Scripts\;C:\Users\Josemberg\AppData\Local\Programs\Python\Python36-32\;C:\Program Files\Microsoft VS Code\bin;C:\Program Files\Heroku\bin;C:\Users\Josemberg\AppData\Local\Microsoft\WindowsApps;C:\Users\Josemberg\AppData\Roaming\npm;C:\Program Files\sts-4.0.2.RELEASE;;."/>
    <property name="java.vendor" value="Oracle Corporation"/>
    <property name="java.vm.info" value="mixed mode"/>
    <property name="java.vm.version" value="11.0.1+13-LTS"/>
    <property name="sun.io.unicode.encoding" value="UnicodeLittle"/>
    <property name="java.class.version" value="55.0"/>
  </properties>
  <testcase name="contextLoads" classname="br.com.devdojo.springboot.DevDojoSpringBootApplicationTests" time="0.444">
    <error type="java.lang.NullPointerException">java.lang.NullPointerException
	at br.com.devdojo.springboot.DevDojoSpringBootApplicationTests.getStudentById(DevDojoSpringBootApplicationTests.java:31)
	at br.com.devdojo.springboot.DevDojoSpringBootApplicationTests.contextLoads(DevDojoSpringBootApplicationTests.java:25)
</error>
    <system-out><![CDATA[12:42:57.031 [main] DEBUG org.springframework.test.context.junit4.SpringJUnit4ClassRunner - SpringJUnit4ClassRunner constructor called with [class br.com.devdojo.springboot.DevDojoSpringBootApplicationTests]
12:42:57.059 [main] DEBUG org.springframework.test.context.BootstrapUtils - Instantiating CacheAwareContextLoaderDelegate from class [org.springframework.test.context.cache.DefaultCacheAwareContextLoaderDelegate]
12:42:57.127 [main] DEBUG org.springframework.test.context.BootstrapUtils - Instantiating BootstrapContext using constructor [public org.springframework.test.context.support.DefaultBootstrapContext(java.lang.Class,org.springframework.test.context.CacheAwareContextLoaderDelegate)]
12:42:57.418 [main] DEBUG org.springframework.test.context.BootstrapUtils - Instantiating TestContextBootstrapper for test class [br.com.devdojo.springboot.DevDojoSpringBootApplicationTests] from class [org.springframework.boot.test.context.SpringBootTestContextBootstrapper]
12:42:57.590 [main] INFO org.springframework.boot.test.context.SpringBootTestContextBootstrapper - Neither @ContextConfiguration nor @ContextHierarchy found for test class [br.com.devdojo.springboot.DevDojoSpringBootApplicationTests], using SpringBootContextLoader
12:42:57.760 [main] DEBUG org.springframework.test.context.support.AbstractContextLoader - Did not detect default resource location for test class [br.com.devdojo.springboot.DevDojoSpringBootApplicationTests]: class path resource [br/com/devdojo/springboot/DevDojoSpringBootApplicationTests-context.xml] does not exist
12:42:57.780 [main] DEBUG org.springframework.test.context.support.AbstractContextLoader - Did not detect default resource location for test class [br.com.devdojo.springboot.DevDojoSpringBootApplicationTests]: class path resource [br/com/devdojo/springboot/DevDojoSpringBootApplicationTestsContext.groovy] does not exist
12:42:57.783 [main] INFO org.springframework.test.context.support.AbstractContextLoader - Could not detect default resource locations for test class [br.com.devdojo.springboot.DevDojoSpringBootApplicationTests]: no resource found for suffixes {-context.xml, Context.groovy}.
12:42:57.804 [main] INFO org.springframework.test.context.support.AnnotationConfigContextLoaderUtils - Could not detect default configuration classes for test class [br.com.devdojo.springboot.DevDojoSpringBootApplicationTests]: DevDojoSpringBootApplicationTests does not declare any static, non-private, non-final, nested classes annotated with @Configuration.
12:42:58.242 [main] DEBUG org.springframework.test.context.support.ActiveProfilesUtils - Could not find an 'annotation declaring class' for annotation type [org.springframework.test.context.ActiveProfiles] and class [br.com.devdojo.springboot.DevDojoSpringBootApplicationTests]
12:42:58.717 [main] DEBUG org.springframework.context.annotation.ClassPathScanningCandidateComponentProvider - Identified candidate component class: file [D:\Projetos\web\dev-dojo-spring-boot\target\classes\br\com\devdojo\springboot\DevDojoSpringBootApplication.class]
12:42:58.721 [main] INFO org.springframework.boot.test.context.SpringBootTestContextBootstrapper - Found @SpringBootConfiguration br.com.devdojo.springboot.DevDojoSpringBootApplication for test class br.com.devdojo.springboot.DevDojoSpringBootApplicationTests
12:43:00.316 [main] DEBUG org.springframework.boot.test.context.SpringBootTestContextBootstrapper - @TestExecutionListeners is not present for class [br.com.devdojo.springboot.DevDojoSpringBootApplicationTests]: using defaults.
12:43:00.319 [main] INFO org.springframework.boot.test.context.SpringBootTestContextBootstrapper - Loaded default TestExecutionListener class names from location [META-INF/spring.factories]: [org.springframework.boot.test.mock.mockito.MockitoTestExecutionListener, org.springframework.boot.test.mock.mockito.ResetMocksTestExecutionListener, org.springframework.boot.test.autoconfigure.restdocs.RestDocsTestExecutionListener, org.springframework.boot.test.autoconfigure.web.client.MockRestServiceServerResetTestExecutionListener, org.springframework.boot.test.autoconfigure.web.servlet.MockMvcPrintOnlyOnFailureTestExecutionListener, org.springframework.boot.test.autoconfigure.web.servlet.WebDriverTestExecutionListener, org.springframework.test.context.web.ServletTestExecutionListener, org.springframework.test.context.support.DirtiesContextBeforeModesTestExecutionListener, org.springframework.test.context.support.DependencyInjectionTestExecutionListener, org.springframework.test.context.support.DirtiesContextTestExecutionListener, org.springframework.test.context.transaction.TransactionalTestExecutionListener, org.springframework.test.context.jdbc.SqlScriptsTestExecutionListener, org.springframework.security.test.context.support.WithSecurityContextTestExecutionListener, org.springframework.security.test.context.support.ReactorContextTestExecutionListener]
12:43:00.541 [main] INFO org.springframework.boot.test.context.SpringBootTestContextBootstrapper - Using TestExecutionListeners: [org.springframework.test.context.web.ServletTestExecutionListener@5f354bcf, org.springframework.test.context.support.DirtiesContextBeforeModesTestExecutionListener@3daf7722, org.springframework.boot.test.mock.mockito.MockitoTestExecutionListener@78641d23, org.springframework.boot.test.autoconfigure.SpringBootDependencyInjectionTestExecutionListener@74589991, org.springframework.test.context.support.DirtiesContextTestExecutionListener@146dfe6, org.springframework.test.context.transaction.TransactionalTestExecutionListener@4716be8b, org.springframework.test.context.jdbc.SqlScriptsTestExecutionListener@1fc32e4f, org.springframework.security.test.context.support.WithSecurityContextTestExecutionListener@2f67b837, org.springframework.security.test.context.support.ReactorContextTestExecutionListener@1869fbd2, org.springframework.boot.test.mock.mockito.ResetMocksTestExecutionListener@6af9fcb2, org.springframework.boot.test.autoconfigure.restdocs.RestDocsTestExecutionListener@6cce16f4, org.springframework.boot.test.autoconfigure.web.client.MockRestServiceServerResetTestExecutionListener@7efaad5a, org.springframework.boot.test.autoconfigure.web.servlet.MockMvcPrintOnlyOnFailureTestExecutionListener@291a7e3c, org.springframework.boot.test.autoconfigure.web.servlet.WebDriverTestExecutionListener@ca30bc1]
12:43:00.553 [main] DEBUG org.springframework.test.annotation.ProfileValueUtils - Retrieved @ProfileValueSourceConfiguration [null] for test class [br.com.devdojo.springboot.DevDojoSpringBootApplicationTests]
12:43:00.596 [main] DEBUG org.springframework.test.annotation.ProfileValueUtils - Retrieved ProfileValueSource type [class org.springframework.test.annotation.SystemProfileValueSource] for class [br.com.devdojo.springboot.DevDojoSpringBootApplicationTests]
12:43:00.603 [main] DEBUG org.springframework.test.annotation.ProfileValueUtils - Retrieved @ProfileValueSourceConfiguration [null] for test class [br.com.devdojo.springboot.DevDojoSpringBootApplicationTests]
12:43:00.605 [main] DEBUG org.springframework.test.annotation.ProfileValueUtils - Retrieved ProfileValueSource type [class org.springframework.test.annotation.SystemProfileValueSource] for class [br.com.devdojo.springboot.DevDojoSpringBootApplicationTests]
12:43:00.610 [main] DEBUG org.springframework.test.annotation.ProfileValueUtils - Retrieved @ProfileValueSourceConfiguration [null] for test class [br.com.devdojo.springboot.DevDojoSpringBootApplicationTests]
12:43:00.613 [main] DEBUG org.springframework.test.annotation.ProfileValueUtils - Retrieved ProfileValueSource type [class org.springframework.test.annotation.SystemProfileValueSource] for class [br.com.devdojo.springboot.DevDojoSpringBootApplicationTests]
12:43:00.680 [main] DEBUG org.springframework.test.context.support.AbstractDirtiesContextTestExecutionListener - Before test class: context [DefaultTestContext@4f0100a7 testClass = DevDojoSpringBootApplicationTests, testInstance = [null], testMethod = [null], testException = [null], mergedContextConfiguration = [WebMergedContextConfiguration@3cdf2c61 testClass = DevDojoSpringBootApplicationTests, locations = '{}', classes = '{class br.com.devdojo.springboot.DevDojoSpringBootApplication}', contextInitializerClasses = '[]', activeProfiles = '{}', propertySourceLocations = '{}', propertySourceProperties = '{org.springframework.boot.test.context.SpringBootTestContextBootstrapper=true}', contextCustomizers = set[org.springframework.boot.test.context.filter.ExcludeFilterContextCustomizer@6392827e, org.springframework.boot.test.json.DuplicateJsonObjectContextCustomizerFactory$DuplicateJsonObjectContextCustomizer@43dac38f, org.springframework.boot.test.mock.mockito.MockitoContextCustomizer@0, org.springframework.boot.test.web.client.TestRestTemplateContextCustomizer@957e06, org.springframework.boot.test.autoconfigure.properties.PropertyMappingContextCustomizer@0, org.springframework.boot.test.autoconfigure.web.servlet.WebDriverContextCustomizerFactory$Customizer@4c1909a3], resourceBasePath = 'src/main/webapp', contextLoader = 'org.springframework.boot.test.context.SpringBootContextLoader', parent = [null]], attributes = map['org.springframework.test.context.web.ServletTestExecutionListener.activateListener' -> true]], class annotated with @DirtiesContext [false] with mode [null].
12:43:00.698 [main] DEBUG org.springframework.test.annotation.ProfileValueUtils - Retrieved @ProfileValueSourceConfiguration [null] for test class [br.com.devdojo.springboot.DevDojoSpringBootApplicationTests]
12:43:00.700 [main] DEBUG org.springframework.test.annotation.ProfileValueUtils - Retrieved ProfileValueSource type [class org.springframework.test.annotation.SystemProfileValueSource] for class [br.com.devdojo.springboot.DevDojoSpringBootApplicationTests]
12:43:01.170 [main] DEBUG org.springframework.test.context.support.TestPropertySourceUtils - Adding inlined properties to environment: {spring.jmx.enabled=false, org.springframework.boot.test.context.SpringBootTestContextBootstrapper=true, server.port=-1}

  .   ____          _            __ _ _
 /\\ / ___'_ __ _ _(_)_ __  __ _ \ \ \ \
( ( )\___ | '_ | '_| | '_ \/ _` | \ \ \ \
 \\/  ___)| |_)| | | | | || (_| |  ) ) ) )
  '  |____| .__|_| |_|_| |_\__, | / / / /
 =========|_|==============|___/=/_/_/_/
 :: Spring Boot ::        (v2.1.1.RELEASE)

2018-12-13 12:43:04.561  INFO 4124 --- [           main] .c.d.s.DevDojoSpringBootApplicationTests : Starting DevDojoSpringBootApplicationTests on especialista with PID 4124 (started by Josemberg in D:\Projetos\web\dev-dojo-spring-boot)
2018-12-13 12:43:04.593  INFO 4124 --- [           main] .c.d.s.DevDojoSpringBootApplicationTests : No active profile set, falling back to default profiles: default
2018-12-13 12:43:13.398  INFO 4124 --- [           main] .s.d.r.c.RepositoryConfigurationDelegate : Multiple Spring Data modules found, entering strict repository configuration mode!
2018-12-13 12:43:13.409  INFO 4124 --- [           main] .s.d.r.c.RepositoryConfigurationDelegate : Bootstrapping Spring Data repositories in DEFAULT mode.
2018-12-13 12:43:13.813  INFO 4124 --- [           main] .s.d.r.c.RepositoryConfigurationDelegate : Finished Spring Data repository scanning in 362ms. Found 1 repository interfaces.
2018-12-13 12:43:13.843  INFO 4124 --- [           main] .s.d.r.c.RepositoryConfigurationDelegate : Multiple Spring Data modules found, entering strict repository configuration mode!
2018-12-13 12:43:13.846  INFO 4124 --- [           main] .s.d.r.c.RepositoryConfigurationDelegate : Bootstrapping Spring Data repositories in DEFAULT mode.
2018-12-13 12:43:13.896  INFO 4124 --- [           main] .RepositoryConfigurationExtensionSupport : Spring Data LDAP - Could not safely identify store assignment for repository candidate interface br.com.devdojo.springboot.repository.StudentRepository.
2018-12-13 12:43:13.897  INFO 4124 --- [           main] .s.d.r.c.RepositoryConfigurationDelegate : Finished Spring Data repository scanning in 49ms. Found 0 repository interfaces.
2018-12-13 12:43:17.813  INFO 4124 --- [           main] trationDelegate$BeanPostProcessorChecker : Bean 'org.springframework.transaction.annotation.ProxyTransactionManagementConfiguration' of type [org.springframework.transaction.annotation.ProxyTransactionManagementConfiguration$$EnhancerBySpringCGLIB$$16ef9439] is not eligible for getting processed by all BeanPostProcessors (for example: not eligible for auto-proxying)
2018-12-13 12:43:19.635  INFO 4124 --- [           main] com.zaxxer.hikari.HikariDataSource       : HikariPool-1 - Starting...
2018-12-13 12:43:20.998  INFO 4124 --- [           main] com.zaxxer.hikari.HikariDataSource       : HikariPool-1 - Start completed.
2018-12-13 12:43:21.719  INFO 4124 --- [           main] o.hibernate.jpa.internal.util.LogHelper  : HHH000204: Processing PersistenceUnitInfo [
	name: default
	...]
2018-12-13 12:43:22.170  INFO 4124 --- [           main] org.hibernate.Version                    : HHH000412: Hibernate Core {5.3.7.Final}
2018-12-13 12:43:22.176  INFO 4124 --- [           main] org.hibernate.cfg.Environment            : HHH000206: hibernate.properties not found
2018-12-13 12:43:23.155  INFO 4124 --- [           main] o.hibernate.annotations.common.Version   : HCANN000001: Hibernate Commons Annotations {5.0.4.Final}
2018-12-13 12:43:26.837  INFO 4124 --- [           main] org.hibernate.dialect.Dialect            : HHH000400: Using dialect: org.hibernate.dialect.MySQL5InnoDBDialect
Hibernate: alter table school.student add column email varchar(255)
2018-12-13 12:43:32.739  INFO 4124 --- [           main] j.LocalContainerEntityManagerFactoryBean : Initialized JPA EntityManagerFactory for persistence unit 'default'
2018-12-13 12:43:40.803  INFO 4124 --- [           main] o.s.s.concurrent.ThreadPoolTaskExecutor  : Initializing ExecutorService 'applicationTaskExecutor'
2018-12-13 12:43:41.126  WARN 4124 --- [           main] aWebConfiguration$JpaWebMvcConfiguration : spring.jpa.open-in-view is enabled by default. Therefore, database queries may be performed during view rendering. Explicitly configure spring.jpa.open-in-view to disable this warning
2018-12-13 12:43:43.520  WARN 4124 --- [           main] ion$DefaultTemplateResolverConfiguration : Cannot find template location: classpath:/templates/ (please add some templates or check your Thymeleaf configuration)
2018-12-13 12:43:46.376  INFO 4124 --- [           main] o.s.l.c.support.AbstractContextSource    : Property 'userDn' not set - anonymous context will be used for read-write operations
2018-12-13 12:43:47.444  INFO 4124 --- [           main] .c.d.s.DevDojoSpringBootApplicationTests : Started DevDojoSpringBootApplicationTests in 46.227 seconds (JVM running for 54.915)
]]></system-out>
  </testcase>
</testsuite>